<?xml version="1.0" encoding="UTF-8"?>
<!-- Generated by org.testng.reporters.JUnitReportReporter -->
<testsuite hostname="DESKTOP-91Q46ME" failures="0" tests="3" name="MavenProject1.flipkartSearchtest" time="21.010" errors="0" timestamp="2025-03-09T13:54:53 IST" skipped="0">
  <testcase classname="MavenProject1.flipkartSearchtest" name="Search" time="6.366"/>
  <system-out/>
  <testcase classname="MavenProject1.flipkartSearchtest" name="Search" time="6.452"/>
  <system-out/>
  <testcase classname="MavenProject1.flipkartSearchtest" name="Search" time="8.192"/>
  <system-out/>
</testsuite> <!-- MavenProject1.flipkartSearchtest -->
